c:\users\ralph\documents\graphics-with-modern-opengl\05 advanced\036 openglcourseapp-skybox\openglcourseapp\openglcourseapp\release\vc141.pdb
c:\users\ralph\documents\graphics-with-modern-opengl\05 advanced\036 openglcourseapp-skybox\openglcourseapp\openglcourseapp\release\window.obj
c:\users\ralph\documents\graphics-with-modern-opengl\05 advanced\036 openglcourseapp-skybox\openglcourseapp\openglcourseapp\release\texture.obj
c:\users\ralph\documents\graphics-with-modern-opengl\05 advanced\036 openglcourseapp-skybox\openglcourseapp\openglcourseapp\release\spotlight.obj
c:\users\ralph\documents\graphics-with-modern-opengl\05 advanced\036 openglcourseapp-skybox\openglcourseapp\openglcourseapp\release\skybox.obj
c:\users\ralph\documents\graphics-with-modern-opengl\05 advanced\036 openglcourseapp-skybox\openglcourseapp\openglcourseapp\release\shadowmap.obj
c:\users\ralph\documents\graphics-with-modern-opengl\05 advanced\036 openglcourseapp-skybox\openglcourseapp\openglcourseapp\release\shader.obj
c:\users\ralph\documents\graphics-with-modern-opengl\05 advanced\036 openglcourseapp-skybox\openglcourseapp\openglcourseapp\release\pointlight.obj
c:\users\ralph\documents\graphics-with-modern-opengl\05 advanced\036 openglcourseapp-skybox\openglcourseapp\openglcourseapp\release\omnishadowmap.obj
c:\users\ralph\documents\graphics-with-modern-opengl\05 advanced\036 openglcourseapp-skybox\openglcourseapp\openglcourseapp\release\model.obj
c:\users\ralph\documents\graphics-with-modern-opengl\05 advanced\036 openglcourseapp-skybox\openglcourseapp\openglcourseapp\release\mesh.obj
c:\users\ralph\documents\graphics-with-modern-opengl\05 advanced\036 openglcourseapp-skybox\openglcourseapp\openglcourseapp\release\material.obj
c:\users\ralph\documents\graphics-with-modern-opengl\05 advanced\036 openglcourseapp-skybox\openglcourseapp\openglcourseapp\release\main.obj
c:\users\ralph\documents\graphics-with-modern-opengl\05 advanced\036 openglcourseapp-skybox\openglcourseapp\openglcourseapp\release\light.obj
c:\users\ralph\documents\graphics-with-modern-opengl\05 advanced\036 openglcourseapp-skybox\openglcourseapp\openglcourseapp\release\directionallight.obj
c:\users\ralph\documents\graphics-with-modern-opengl\05 advanced\036 openglcourseapp-skybox\openglcourseapp\openglcourseapp\release\camera.obj
c:\users\ralph\documents\graphics-with-modern-opengl\05 advanced\036 openglcourseapp-skybox\openglcourseapp\release\openglcourseapp.exe
c:\users\ralph\documents\graphics-with-modern-opengl\05 advanced\036 openglcourseapp-skybox\openglcourseapp\release\openglcourseapp.pdb
c:\users\ralph\documents\graphics-with-modern-opengl\05 advanced\036 openglcourseapp-skybox\openglcourseapp\release\openglcourseapp.ipdb
c:\users\ralph\documents\graphics-with-modern-opengl\05 advanced\036 openglcourseapp-skybox\openglcourseapp\release\openglcourseapp.iobj
c:\users\ralph\documents\graphics-with-modern-opengl\05 advanced\036 openglcourseapp-skybox\openglcourseapp\openglcourseapp\release\openglcourseapp.tlog\cl.command.1.tlog
c:\users\ralph\documents\graphics-with-modern-opengl\05 advanced\036 openglcourseapp-skybox\openglcourseapp\openglcourseapp\release\openglcourseapp.tlog\cl.read.1.tlog
c:\users\ralph\documents\graphics-with-modern-opengl\05 advanced\036 openglcourseapp-skybox\openglcourseapp\openglcourseapp\release\openglcourseapp.tlog\cl.write.1.tlog
c:\users\ralph\documents\graphics-with-modern-opengl\05 advanced\036 openglcourseapp-skybox\openglcourseapp\openglcourseapp\release\openglcourseapp.tlog\link.command.1.tlog
c:\users\ralph\documents\graphics-with-modern-opengl\05 advanced\036 openglcourseapp-skybox\openglcourseapp\openglcourseapp\release\openglcourseapp.tlog\link.read.1.tlog
c:\users\ralph\documents\graphics-with-modern-opengl\05 advanced\036 openglcourseapp-skybox\openglcourseapp\openglcourseapp\release\openglcourseapp.tlog\link.write.1.tlog
c:\users\ralph\documents\graphics-with-modern-opengl\05 advanced\036 openglcourseapp-skybox\openglcourseapp\openglcourseapp\release\openglcourseapp.tlog\openglcourseapp.write.1u.tlog
